2017-08-01T10:07:14+00:00 INFO Generating payment form for order 223. Notify URL: http://php.twilightsoftwares.com:9998/murals/wc-api/WC_Gateway_Paypal/
2017-08-01T10:07:14+00:00 INFO PayPal Request Args for order 223: cmd=_cart&business=thamizharasi.j%40gmail.com&no_note=1&currency_code=USD&charset=utf-8&rm=1&upload=1&return=http%3A%2F%2Fphp.twilightsoftwares.com%3A9998%2Fmurals%2Fcheckout%2Forder-received%2F223%3Fkey%3Dwc_order_598052d28c3f6%26utm_nooverride%3D1&cancel_return=http%3A%2F%2Fphp.twilightsoftwares.com%3A9998%2Fmurals%2Fcart%2F%3Fcancel_order%3Dtrue%26order%3Dwc_order_598052d28c3f6%26order_id%3D223%26redirect%26_wpnonce%3D79af3ef1d9&page_style=&image_url=&paymentaction=sale&bn=WooThemes_Cart&invoice=WC-223&custom=%7B%22order_id%22%3A223%2C%22order_key%22%3A%22wc_order_598052d28c3f6%22%7D&notify_url=http%3A%2F%2Fphp.twilightsoftwares.com%3A9998%2Fmurals%2Fwc-api%2FWC_Gateway_Paypal%2F&first_name=Sam&last_name=sung&address1=first+cross&address2=test&city=pondy&state=Pondicherry+%28Puducherry%29&zip=605001&country=IN&email=thamizharasi%40twilightsoftwares.com&night_phone_b=123456789&no_shipping=1&tax_cart=0.00&item_name_1=336422462+%28size%3A+SMALL+%E2%80%93+4+%E2%80%98+0+%E2%80%98+%28h%29+X+6+%E2%80%98+0+%E2%80%98+%28W%29+%E2%80%93+1+Panel+-+%2410+%28%2410.00%29%2C+Materials%3A+Materials+1+%28%243.00%29+%28%243....&quantity_1=1&amount_1=174&item_number_1=
2017-08-01T10:09:19+00:00 INFO Checking IPN response is valid
2017-08-01T10:09:20+00:00 INFO IPN Request: Array
(
    [body] => Array
        (
            [mc_gross] => 174.00
            [invoice] => WC-223
            [protection_eligibility] => Eligible
            [item_number1] => 
            [payer_id] => VJ4KVG9THQU6Q
            [tax] => 0.00
            [payment_date] => 03:08:19 Aug 01, 2017 PDT
            [payment_status] => Completed
            [charset] => windows-1252
            [first_name] => twilight
            [mc_fee] => 7.09
            [notify_version] => 3.8
            [custom] => {"order_id":223,"order_key":"wc_order_598052d28c3f6"}
            [payer_status] => verified
            [business] => thamizharasi.j@gmail.com
            [num_cart_items] => 1
            [verify_sign] => AuaofqQd2e-2NuLkob0HpzqE3dYDAVq9noYAG-gG2N4SDtNvO5jVUHPB
            [payer_email] => thamizharasi@twilightsoftwares.com
            [txn_id] => 91C38807MR953942U
            [payment_type] => instant
            [last_name] => softwares
            [item_name1] => 336422462 (size: SMALL – 4 ‘ 0 ‘ (h) X 6 ‘ 0 ‘ (W) – 1 Panel - $10 ($10.00), Materials: Materials 1 ($3.00) ($3....
            [receiver_email] => thamizharasi.j@gmail.com
            [payment_fee] => 7.09
            [quantity1] => 1
            [receiver_id] => 56U2B4CUF3LPE
            [txn_type] => cart
            [mc_gross_1] => 174.00
            [mc_currency] => USD
            [residence_country] => IN
            [test_ipn] => 1
            [transaction_subject] => 
            [payment_gross] => 174.00
            [ipn_track_id] => c63b4bcadd842
            [cmd] => _notify-validate
        )

    [timeout] => 60
    [httpversion] => 1.1
    [compress] => 
    [decompress] => 
    [user-agent] => WooCommerce/3.1.1
)

2017-08-01T10:09:20+00:00 INFO IPN Response: Array
(
    [headers] => Requests_Utility_CaseInsensitiveDictionary Object
        (
            [data:protected] => Array
                (
                    [date] => Tue, 01 Aug 2017 10:09:06 GMT
                    [server] => Apache
                    [x-frame-options] => SAMEORIGIN
                    [set-cookie] => Array
                        (
                            [0] => c9MWDuvPtT9GIMyPc3jwol1VSlO=pMUeMooi8swXJnP0ZCQrmIG6aoO5jVhfPWctQeEqBYRcCRsVw5JaGwkoZs-RKENjMyCYKRtEC0wsYIeAq7opxaDpnzyEk9aJHZGYEWhDIejzV1kjDm4p6Lce5lhHOoi2AIKx-ExfuePzLu2ljb2IF2h43jQRSdtfFrTEsL5doQJ0NOlCuil0zGgvk_HrXmmgVgTrxSBkDaYgU3P1aieOtCeXeKoG_zm9TFCsqJo4KyHpXLSvf00Mep5-bubF5Wd-57LROADzng96yTlIeGG35R5AaFXVAwMf87GSti85YFmYHQduzjwVDgv89IB0Q5qudsTrexR0NY_LXtdf_GyX4DA5xJTH8K_JXE4rtAeUPMUv-uhB5QTGo18TPTL2NmHZ67ZELGv-jXR41_5Xni4pzhiadlyvm7W2vdFVGGwoecYUvnggnTTG_MVY7A4; domain=.paypal.com; path=/; Secure; HttpOnly
                            [1] => cookie_check=yes; expires=Fri, 30-Jul-2027 10:09:07 GMT; domain=.paypal.com; path=/; Secure; HttpOnly
                            [2] => navcmd=_notify-validate; domain=.paypal.com; path=/; Secure; HttpOnly
                            [3] => navlns=0.0; expires=Thu, 01-Aug-2019 10:09:07 GMT; domain=.paypal.com; path=/; Secure; HttpOnly
                            [4] => Apache=10.72.108.11.1501582147102373; path=/; expires=Thu, 25-Jul-47 10:09:07 GMT
                            [5] => X-PP-SILOVER=name%3DSANDBOX3.WEB.1%26silo_version%3D1880%26app%3Dappdispatcher%26TIME%3D1129545817%26HTTP_X_PP_AZ_LOCATOR%3Dsandbox.slc; Expires=Tue, 01 Aug 2017 10:39:07 GMT; domain=.paypal.com; path=/; Secure; HttpOnly
                            [6] => X-PP-SILOVER=; Expires=Thu, 01 Jan 1970 00:00:01 GMT
                        )

                    [vary] => Accept-Encoding,User-Agent
                    [http_x_pp_az_locator] => sandbox.slc
                    [content-encoding] => gzip
                    [paypal-debug-id] => 88f6fe5115e8f
                    [strict-transport-security] => max-age=14400
                    [content-type] => text/html; charset=UTF-8
                )

        )

    [body] => VERIFIED
    [response] => Array
        (
            [code] => 200
            [message] => OK
        )

    [cookies] => Array
        (
            [0] => WP_Http_Cookie Object
                (
                    [name] => c9MWDuvPtT9GIMyPc3jwol1VSlO
                    [value] => pMUeMooi8swXJnP0ZCQrmIG6aoO5jVhfPWctQeEqBYRcCRsVw5JaGwkoZs-RKENjMyCYKRtEC0wsYIeAq7opxaDpnzyEk9aJHZGYEWhDIejzV1kjDm4p6Lce5lhHOoi2AIKx-ExfuePzLu2ljb2IF2h43jQRSdtfFrTEsL5doQJ0NOlCuil0zGgvk_HrXmmgVgTrxSBkDaYgU3P1aieOtCeXeKoG_zm9TFCsqJo4KyHpXLSvf00Mep5-bubF5Wd-57LROADzng96yTlIeGG35R5AaFXVAwMf87GSti85YFmYHQduzjwVDgv89IB0Q5qudsTrexR0NY_LXtdf_GyX4DA5xJTH8K_JXE4rtAeUPMUv-uhB5QTGo18TPTL2NmHZ67ZELGv-jXR41_5Xni4pzhiadlyvm7W2vdFVGGwoecYUvnggnTTG_MVY7A4
                    [expires] => 
                    [path] => /
                    [domain] => paypal.com
                )

            [1] => WP_Http_Cookie Object
                (
                    [name] => cookie_check
                    [value] => yes
                    [expires] => 1816942147
                    [path] => /
                    [domain] => paypal.com
                )

            [2] => WP_Http_Cookie Object
                (
                    [name] => navcmd
                    [value] => _notify-validate
                    [expires] => 
                    [path] => /
                    [domain] => paypal.com
                )

            [3] => WP_Http_Cookie Object
                (
                    [name] => navlns
                    [value] => 0.0
                    [expires] => 1564654147
                    [path] => /
                    [domain] => paypal.com
                )

            [4] => WP_Http_Cookie Object
                (
                    [name] => Apache
                    [value] => 10.72.108.11.1501582147102373
                    [expires] => 
                    [path] => /
                    [domain] => www.sandbox.paypal.com
                )

            [5] => WP_Http_Cookie Object
                (
                    [name] => X-PP-SILOVER
                    [value] => 
                    [expires] => 1
                    [path] => /cgi-bin
                    [domain] => www.sandbox.paypal.com
                )

        )

    [filename] => 
    [http_response] => WP_HTTP_Requests_Response Object
        (
            [response:protected] => Requests_Response Object
                (
                    [body] => VERIFIED
                    [raw] => HTTP/1.1 200 OK
Date: Tue, 01 Aug 2017 10:09:06 GMT
Server: Apache
X-Frame-Options: SAMEORIGIN
Set-Cookie: c9MWDuvPtT9GIMyPc3jwol1VSlO=pMUeMooi8swXJnP0ZCQrmIG6aoO5jVhfPWctQeEqBYRcCRsVw5JaGwkoZs-RKENjMyCYKRtEC0wsYIeAq7opxaDpnzyEk9aJHZGYEWhDIejzV1kjDm4p6Lce5lhHOoi2AIKx-ExfuePzLu2ljb2IF2h43jQRSdtfFrTEsL5doQJ0NOlCuil0zGgvk_HrXmmgVgTrxSBkDaYgU3P1aieOtCeXeKoG_zm9TFCsqJo4KyHpXLSvf00Mep5-bubF5Wd-57LROADzng96yTlIeGG35R5AaFXVAwMf87GSti85YFmYHQduzjwVDgv89IB0Q5qudsTrexR0NY_LXtdf_GyX4DA5xJTH8K_JXE4rtAeUPMUv-uhB5QTGo18TPTL2NmHZ67ZELGv-jXR41_5Xni4pzhiadlyvm7W2vdFVGGwoecYUvnggnTTG_MVY7A4; domain=.paypal.com; path=/; Secure; HttpOnly
Set-Cookie: cookie_check=yes; expires=Fri, 30-Jul-2027 10:09:07 GMT; domain=.paypal.com; path=/; Secure; HttpOnly
Set-Cookie: navcmd=_notify-validate; domain=.paypal.com; path=/; Secure; HttpOnly
Set-Cookie: navlns=0.0; expires=Thu, 01-Aug-2019 10:09:07 GMT; domain=.paypal.com; path=/; Secure; HttpOnly
Set-Cookie: Apache=10.72.108.11.1501582147102373; path=/; expires=Thu, 25-Jul-47 10:09:07 GMT
Vary: Accept-Encoding,User-Agent
Connection: close
HTTP_X_PP_AZ_LOCATOR: sandbox.slc
Content-Encoding: gzip
Paypal-Debug-Id: 88f6fe5115e8f
Set-Cookie: X-PP-SILOVER=name%3DSANDBOX3.WEB.1%26silo_version%3D1880%26app%3Dappdispatcher%26TIME%3D1129545817%26HTTP_X_PP_AZ_LOCATOR%3Dsandbox.slc; Expires=Tue, 01 Aug 2017 10:39:07 GMT; domain=.paypal.com; path=/; Secure; HttpOnly
Set-Cookie: X-PP-SILOVER=; Expires=Thu, 01 Jan 1970 00:00:01 GMT
Strict-Transport-Security: max-age=14400
Transfer-Encoding: chunked
Content-Type: text/html; charset=UTF-8

VERIFIED
                    [headers] => Requests_Response_Headers Object
                        (
                            [data:protected] => Array
                                (
                                    [date] => Array
                                        (
                                            [0] => Tue, 01 Aug 2017 10:09:06 GMT
                                        )

                                    [server] => Array
                                        (
                                            [0] => Apache
                                        )

                                    [x-frame-options] => Array
                                        (
                                            [0] => SAMEORIGIN
                                        )

                                    [set-cookie] => Array
                                        (
                                            [0] => c9MWDuvPtT9GIMyPc3jwol1VSlO=pMUeMooi8swXJnP0ZCQrmIG6aoO5jVhfPWctQeEqBYRcCRsVw5JaGwkoZs-RKENjMyCYKRtEC0wsYIeAq7opxaDpnzyEk9aJHZGYEWhDIejzV1kjDm4p6Lce5lhHOoi2AIKx-ExfuePzLu2ljb2IF2h43jQRSdtfFrTEsL5doQJ0NOlCuil0zGgvk_HrXmmgVgTrxSBkDaYgU3P1aieOtCeXeKoG_zm9TFCsqJo4KyHpXLSvf00Mep5-bubF5Wd-57LROADzng96yTlIeGG35R5AaFXVAwMf87GSti85YFmYHQduzjwVDgv89IB0Q5qudsTrexR0NY_LXtdf_GyX4DA5xJTH8K_JXE4rtAeUPMUv-uhB5QTGo18TPTL2NmHZ67ZELGv-jXR41_5Xni4pzhiadlyvm7W2vdFVGGwoecYUvnggnTTG_MVY7A4; domain=.paypal.com; path=/; Secure; HttpOnly
                                            [1] => cookie_check=yes; expires=Fri, 30-Jul-2027 10:09:07 GMT; domain=.paypal.com; path=/; Secure; HttpOnly
                                            [2] => navcmd=_notify-validate; domain=.paypal.com; path=/; Secure; HttpOnly
                                            [3] => navlns=0.0; expires=Thu, 01-Aug-2019 10:09:07 GMT; domain=.paypal.com; path=/; Secure; HttpOnly
                                            [4] => Apache=10.72.108.11.1501582147102373; path=/; expires=Thu, 25-Jul-47 10:09:07 GMT
                                            [5] => X-PP-SILOVER=name%3DSANDBOX3.WEB.1%26silo_version%3D1880%26app%3Dappdispatcher%26TIME%3D1129545817%26HTTP_X_PP_AZ_LOCATOR%3Dsandbox.slc; Expires=Tue, 01 Aug 2017 10:39:07 GMT; domain=.paypal.com; path=/; Secure; HttpOnly
                                            [6] => X-PP-SILOVER=; Expires=Thu, 01 Jan 1970 00:00:01 GMT
                                        )

                                    [vary] => Array
                                        (
                                            [0] => Accept-Encoding,User-Agent
                                        )

                                    [http_x_pp_az_locator] => Array
                                        (
                                            [0] => sandbox.slc
                                        )

                                    [content-encoding] => Array
                                        (
                                            [0] => gzip
                                        )

                                    [paypal-debug-id] => Array
                                        (
                                            [0] => 88f6fe5115e8f
                                        )

                                    [strict-transport-security] => Array
                                        (
                                            [0] => max-age=14400
                                        )

                                    [content-type] => Array
                                        (
                                            [0] => text/html; charset=UTF-8
                                        )

                                )

                        )

                    [status_code] => 200
                    [protocol_version] => 1.1
                    [success] => 1
                    [redirects] => 0
                    [url] => https://www.sandbox.paypal.com/cgi-bin/webscr
                    [history] => Array
                        (
                        )

                    [cookies] => Requests_Cookie_Jar Object
                        (
                            [cookies:protected] => Array
                                (
                                    [c9MWDuvPtT9GIMyPc3jwol1VSlO] => Requests_Cookie Object
                                        (
                                            [name] => c9MWDuvPtT9GIMyPc3jwol1VSlO
                                            [value] => pMUeMooi8swXJnP0ZCQrmIG6aoO5jVhfPWctQeEqBYRcCRsVw5JaGwkoZs-RKENjMyCYKRtEC0wsYIeAq7opxaDpnzyEk9aJHZGYEWhDIejzV1kjDm4p6Lce5lhHOoi2AIKx-ExfuePzLu2ljb2IF2h43jQRSdtfFrTEsL5doQJ0NOlCuil0zGgvk_HrXmmgVgTrxSBkDaYgU3P1aieOtCeXeKoG_zm9TFCsqJo4KyHpXLSvf00Mep5-bubF5Wd-57LROADzng96yTlIeGG35R5AaFXVAwMf87GSti85YFmYHQduzjwVDgv89IB0Q5qudsTrexR0NY_LXtdf_GyX4DA5xJTH8K_JXE4rtAeUPMUv-uhB5QTGo18TPTL2NmHZ67ZELGv-jXR41_5Xni4pzhiadlyvm7W2vdFVGGwoecYUvnggnTTG_MVY7A4
                                            [attributes] => Requests_Utility_CaseInsensitiveDictionary Object
                                                (
                                                    [data:protected] => Array
                                                        (
                                                            [domain] => paypal.com
                                                            [path] => /
                                                            [secure] => 1
                                                            [httponly] => 1
                                                        )

                                                )

                                            [flags] => Array
                                                (
                                                    [creation] => 1501582160
                                                    [last-access] => 1501582160
                                                    [persistent] => 
                                                    [host-only] => 
                                                )

                                            [reference_time] => 1501582160
                                        )

                                    [cookie_check] => Requests_Cookie Object
                                        (
                                            [name] => cookie_check
                                            [value] => yes
                                            [attributes] => Requests_Utility_CaseInsensitiveDictionary Object
                                                (
                                                    [data:protected] => Array
                                                        (
                                                            [expires] => 1816942147
                                                            [domain] => paypal.com
                                                            [path] => /
                                                            [secure] => 1
                                                            [httponly] => 1
                                                        )

                                                )

                                            [flags] => Array
                                                (
                                                    [creation] => 1501582160
                                                    [last-access] => 1501582160
                                                    [persistent] => 
                                                    [host-only] => 
                                                )

                                            [reference_time] => 1501582160
                                        )

                                    [navcmd] => Requests_Cookie Object
                                        (
                                            [name] => navcmd
                                            [value] => _notify-validate
                                            [attributes] => Requests_Utility_CaseInsensitiveDictionary Object
                                                (
                                                    [data:protected] => Array
                                                        (
                                                            [domain] => paypal.com
                                                            [path] => /
                                                            [secure] => 1
                                                            [httponly] => 1
                                                        )

                                                )

                                            [flags] => Array
                                                (
                                                    [creation] => 1501582160
                                                    [last-access] => 1501582160
                                                    [persistent] => 
                                                    [host-only] => 
                                                )

                                            [reference_time] => 1501582160
                                        )

                                    [navlns] => Requests_Cookie Object
                                        (
                                            [name] => navlns
                                            [value] => 0.0
                                            [attributes] => Requests_Utility_CaseInsensitiveDictionary Object
                                                (
                                                    [data:protected] => Array
                                                        (
                                                            [expires] => 1564654147
                                                            [domain] => paypal.com
                                                            [path] => /
                                                            [secure] => 1
                                                            [httponly] => 1
                                                        )

                                                )

                                            [flags] => Array
                                                (
                                                    [creation] => 1501582160
                                                    [last-access] => 1501582160
                                                    [persistent] => 
                                                    [host-only] => 
                                                )

                                            [reference_time] => 1501582160
                                        )

                                    [Apache] => Requests_Cookie Object
                                        (
                                            [name] => Apache
                                            [value] => 10.72.108.11.1501582147102373
                                            [attributes] => Requests_Utility_CaseInsensitiveDictionary Object
                                                (
                                                    [data:protected] => Array
                                                        (
                                                            [path] => /
                                                            [domain] => www.sandbox.paypal.com
                                                        )

                                                )

                                            [flags] => Array
                                                (
                                                    [creation] => 1501582160
                                                    [last-access] => 1501582160
                                                    [persistent] => 
                                                    [host-only] => 1
                                                )

                                            [reference_time] => 1501582160
                                        )

                                    [X-PP-SILOVER] => Requests_Cookie Object
                                        (
                                            [name] => X-PP-SILOVER
                                            [value] => 
                                            [attributes] => Requests_Utility_CaseInsensitiveDictionary Object
                                                (
                                                    [data:protected] => Array
                                                        (
                                                            [expires] => 1
                                                            [domain] => www.sandbox.paypal.com
                                                            [path] => /cgi-bin
                                                        )

                                                )

                                            [flags] => Array
                                                (
                                                    [creation] => 1501582160
                                                    [last-access] => 1501582160
                                                    [persistent] => 
                                                    [host-only] => 1
                                                )

                                            [reference_time] => 1501582160
                                        )

                                )

                        )

                )

            [filename:protected] => 
            [data] => 
            [headers] => 
            [status] => 
        )

)

2017-08-01T10:09:20+00:00 INFO Received valid response from PayPal
2017-08-01T10:09:20+00:00 INFO Found order #223
2017-08-01T10:09:20+00:00 INFO Payment status: completed
2017-08-01T10:26:50+00:00 INFO Generating payment form for order 224. Notify URL: http://php.twilightsoftwares.com:9998/murals/wc-api/WC_Gateway_Paypal/
2017-08-01T10:26:50+00:00 INFO PayPal Request Args for order 224: cmd=_cart&business=thamizharasi.j%40gmail.com&no_note=1&currency_code=USD&charset=utf-8&rm=1&upload=1&return=http%3A%2F%2Fphp.twilightsoftwares.com%3A9998%2Fmurals%2Fcheckout%2Forder-received%2F224%3Fkey%3Dwc_order_5980576a11bd3%26utm_nooverride%3D1&cancel_return=http%3A%2F%2Fphp.twilightsoftwares.com%3A9998%2Fmurals%2Fcart%2F%3Fcancel_order%3Dtrue%26order%3Dwc_order_5980576a11bd3%26order_id%3D224%26redirect%26_wpnonce%3Da5e16cd4a5&page_style=&image_url=&paymentaction=sale&bn=WooThemes_Cart&invoice=WC-224&custom=%7B%22order_id%22%3A224%2C%22order_key%22%3A%22wc_order_5980576a11bd3%22%7D&notify_url=http%3A%2F%2Fphp.twilightsoftwares.com%3A9998%2Fmurals%2Fwc-api%2FWC_Gateway_Paypal%2F&first_name=test&last_name=test&address1=test&address2=test&city=pondy&state=Pondicherry+%28Puducherry%29&zip=605001&country=IN&email=vengiece81%40gmail.com&night_phone_b=123132&no_shipping=1&tax_cart=0.00&item_name_1=282446912+%28size%3A+MEDIUM+%E2%80%93+5+%E2%80%98+4+%E2%80%98+%28h%29+X+8+%E2%80%98+0+%E2%80%98+%28W%29+%E2%80%93+2+Panels+-+%2420+%28%2420.00%29%2C+Materials%3A+Materials+2+%28%244.00%29+%28%24...&quantity_1=1&amount_1=181&item_number_1=
2017-08-01T10:28:05+00:00 INFO Checking IPN response is valid
2017-08-01T10:28:07+00:00 INFO IPN Request: Array
(
    [body] => Array
        (
            [mc_gross] => 181.00
            [invoice] => WC-224
            [protection_eligibility] => Eligible
            [item_number1] => 
            [payer_id] => VJ4KVG9THQU6Q
            [tax] => 0.00
            [payment_date] => 03:27:28 Aug 01, 2017 PDT
            [payment_status] => Completed
            [charset] => windows-1252
            [first_name] => twilight
            [mc_fee] => 7.36
            [notify_version] => 3.8
            [custom] => {"order_id":224,"order_key":"wc_order_5980576a11bd3"}
            [payer_status] => verified
            [business] => thamizharasi.j@gmail.com
            [num_cart_items] => 1
            [verify_sign] => AoiCBNGVMlgj2ndAkLS-nFk5d9sfA9lPK0Xd-0vURLhWHIZR-jpNppq5
            [payer_email] => thamizharasi@twilightsoftwares.com
            [txn_id] => 07R60870475088204
            [payment_type] => instant
            [last_name] => softwares
            [item_name1] => 282446912 (size: MEDIUM – 5 ‘ 4 ‘ (h) X 8 ‘ 0 ‘ (W) – 2 Panels - $20 ($20.00), Materials: Materials 2 ($4.00) ($...
            [receiver_email] => thamizharasi.j@gmail.com
            [payment_fee] => 7.36
            [quantity1] => 1
            [receiver_id] => 56U2B4CUF3LPE
            [txn_type] => cart
            [mc_gross_1] => 181.00
            [mc_currency] => USD
            [residence_country] => IN
            [test_ipn] => 1
            [transaction_subject] => 
            [payment_gross] => 181.00
            [ipn_track_id] => dd9fd2406d1f6
            [cmd] => _notify-validate
        )

    [timeout] => 60
    [httpversion] => 1.1
    [compress] => 
    [decompress] => 
    [user-agent] => WooCommerce/3.1.1
)

2017-08-01T10:28:07+00:00 INFO IPN Response: Array
(
    [headers] => Requests_Utility_CaseInsensitiveDictionary Object
        (
            [data:protected] => Array
                (
                    [date] => Tue, 01 Aug 2017 10:27:53 GMT
                    [server] => Apache
                    [x-frame-options] => SAMEORIGIN
                    [set-cookie] => Array
                        (
                            [0] => c9MWDuvPtT9GIMyPc3jwol1VSlO=TvKvbNfmgpCgoyV7irzNU1kAvgtHq5LlB8-q9s4sw4RlLdKboBMUCquNWGs3IbVWVTeePXEljLhVjrTvDFkw0FGNNBLOENMd2u6XPqHdWMdKYu63NcmkLBLVoDXmd6sLPj5MRqP_WTJYYI8Iu-5QVksuTOW2uvqK-NkvpnXlDSzlaaH6SJhMyeomDF5mY08AMtLFimMcEMRE9PhOIBqLuTVVS7mejor4_ZsCnncPtqdqjNGBlbfu5tJIc-GK4zVPd2W5KYn0hwMZJF1cqX1ca5xpTtmbj1QW25mE9siAGz26EzDW-9Ok7Kad7jr37nCf0iUfy5R1du6D36d_nC3Hv5zEZEi4r4cnFCF5eMaGXeX1stQ-3Us4i-8dS6yFv71d3ME_cl1Qpmg8k0WFmtJwRSLTEBYbQfOQ5fFO8V2v7nXMK2K_MVdyWBaXrXm; domain=.paypal.com; path=/; Secure; HttpOnly
                            [1] => cookie_check=yes; expires=Fri, 30-Jul-2027 10:27:53 GMT; domain=.paypal.com; path=/; Secure; HttpOnly
                            [2] => navcmd=_notify-validate; domain=.paypal.com; path=/; Secure; HttpOnly
                            [3] => navlns=0.0; expires=Thu, 01-Aug-2019 10:27:53 GMT; domain=.paypal.com; path=/; Secure; HttpOnly
                            [4] => Apache=10.72.108.11.1501583273299796; path=/; expires=Thu, 25-Jul-47 10:27:53 GMT
                            [5] => X-PP-SILOVER=name%3DSANDBOX3.WEB.1%26silo_version%3D1880%26app%3Dappdispatcher%26TIME%3D2841083993%26HTTP_X_PP_AZ_LOCATOR%3Dsandbox.slc; Expires=Tue, 01 Aug 2017 10:57:53 GMT; domain=.paypal.com; path=/; Secure; HttpOnly
                            [6] => X-PP-SILOVER=; Expires=Thu, 01 Jan 1970 00:00:01 GMT
                        )

                    [vary] => Accept-Encoding,User-Agent
                    [http_x_pp_az_locator] => sandbox.slc
                    [content-encoding] => gzip
                    [paypal-debug-id] => c572032d46027
                    [strict-transport-security] => max-age=14400
                    [content-type] => text/html; charset=UTF-8
                )

        )

    [body] => VERIFIED
    [response] => Array
        (
            [code] => 200
            [message] => OK
        )

    [cookies] => Array
        (
            [0] => WP_Http_Cookie Object
                (
                    [name] => c9MWDuvPtT9GIMyPc3jwol1VSlO
                    [value] => TvKvbNfmgpCgoyV7irzNU1kAvgtHq5LlB8-q9s4sw4RlLdKboBMUCquNWGs3IbVWVTeePXEljLhVjrTvDFkw0FGNNBLOENMd2u6XPqHdWMdKYu63NcmkLBLVoDXmd6sLPj5MRqP_WTJYYI8Iu-5QVksuTOW2uvqK-NkvpnXlDSzlaaH6SJhMyeomDF5mY08AMtLFimMcEMRE9PhOIBqLuTVVS7mejor4_ZsCnncPtqdqjNGBlbfu5tJIc-GK4zVPd2W5KYn0hwMZJF1cqX1ca5xpTtmbj1QW25mE9siAGz26EzDW-9Ok7Kad7jr37nCf0iUfy5R1du6D36d_nC3Hv5zEZEi4r4cnFCF5eMaGXeX1stQ-3Us4i-8dS6yFv71d3ME_cl1Qpmg8k0WFmtJwRSLTEBYbQfOQ5fFO8V2v7nXMK2K_MVdyWBaXrXm
                    [expires] => 
                    [path] => /
                    [domain] => paypal.com
                )

            [1] => WP_Http_Cookie Object
                (
                    [name] => cookie_check
                    [value] => yes
                    [expires] => 1816943273
                    [path] => /
                    [domain] => paypal.com
                )

            [2] => WP_Http_Cookie Object
                (
                    [name] => navcmd
                    [value] => _notify-validate
                    [expires] => 
                    [path] => /
                    [domain] => paypal.com
                )

            [3] => WP_Http_Cookie Object
                (
                    [name] => navlns
                    [value] => 0.0
                    [expires] => 1564655273
                    [path] => /
                    [domain] => paypal.com
                )

            [4] => WP_Http_Cookie Object
                (
                    [name] => Apache
                    [value] => 10.72.108.11.1501583273299796
                    [expires] => 
                    [path] => /
                    [domain] => www.sandbox.paypal.com
                )

            [5] => WP_Http_Cookie Object
                (
                    [name] => X-PP-SILOVER
                    [value] => 
                    [expires] => 1
                    [path] => /cgi-bin
                    [domain] => www.sandbox.paypal.com
                )

        )

    [filename] => 
    [http_response] => WP_HTTP_Requests_Response Object
        (
            [response:protected] => Requests_Response Object
                (
                    [body] => VERIFIED
                    [raw] => HTTP/1.1 200 OK
Date: Tue, 01 Aug 2017 10:27:53 GMT
Server: Apache
X-Frame-Options: SAMEORIGIN
Set-Cookie: c9MWDuvPtT9GIMyPc3jwol1VSlO=TvKvbNfmgpCgoyV7irzNU1kAvgtHq5LlB8-q9s4sw4RlLdKboBMUCquNWGs3IbVWVTeePXEljLhVjrTvDFkw0FGNNBLOENMd2u6XPqHdWMdKYu63NcmkLBLVoDXmd6sLPj5MRqP_WTJYYI8Iu-5QVksuTOW2uvqK-NkvpnXlDSzlaaH6SJhMyeomDF5mY08AMtLFimMcEMRE9PhOIBqLuTVVS7mejor4_ZsCnncPtqdqjNGBlbfu5tJIc-GK4zVPd2W5KYn0hwMZJF1cqX1ca5xpTtmbj1QW25mE9siAGz26EzDW-9Ok7Kad7jr37nCf0iUfy5R1du6D36d_nC3Hv5zEZEi4r4cnFCF5eMaGXeX1stQ-3Us4i-8dS6yFv71d3ME_cl1Qpmg8k0WFmtJwRSLTEBYbQfOQ5fFO8V2v7nXMK2K_MVdyWBaXrXm; domain=.paypal.com; path=/; Secure; HttpOnly
Set-Cookie: cookie_check=yes; expires=Fri, 30-Jul-2027 10:27:53 GMT; domain=.paypal.com; path=/; Secure; HttpOnly
Set-Cookie: navcmd=_notify-validate; domain=.paypal.com; path=/; Secure; HttpOnly
Set-Cookie: navlns=0.0; expires=Thu, 01-Aug-2019 10:27:53 GMT; domain=.paypal.com; path=/; Secure; HttpOnly
Set-Cookie: Apache=10.72.108.11.1501583273299796; path=/; expires=Thu, 25-Jul-47 10:27:53 GMT
Vary: Accept-Encoding,User-Agent
Connection: close
HTTP_X_PP_AZ_LOCATOR: sandbox.slc
Content-Encoding: gzip
Paypal-Debug-Id: c572032d46027
Set-Cookie: X-PP-SILOVER=name%3DSANDBOX3.WEB.1%26silo_version%3D1880%26app%3Dappdispatcher%26TIME%3D2841083993%26HTTP_X_PP_AZ_LOCATOR%3Dsandbox.slc; Expires=Tue, 01 Aug 2017 10:57:53 GMT; domain=.paypal.com; path=/; Secure; HttpOnly
Set-Cookie: X-PP-SILOVER=; Expires=Thu, 01 Jan 1970 00:00:01 GMT
Strict-Transport-Security: max-age=14400
Transfer-Encoding: chunked
Content-Type: text/html; charset=UTF-8

VERIFIED
                    [headers] => Requests_Response_Headers Object
                        (
                            [data:protected] => Array
                                (
                                    [date] => Array
                                        (
                                            [0] => Tue, 01 Aug 2017 10:27:53 GMT
                                        )

                                    [server] => Array
                                        (
                                            [0] => Apache
                                        )

                                    [x-frame-options] => Array
                                        (
                                            [0] => SAMEORIGIN
                                        )

                                    [set-cookie] => Array
                                        (
                                            [0] => c9MWDuvPtT9GIMyPc3jwol1VSlO=TvKvbNfmgpCgoyV7irzNU1kAvgtHq5LlB8-q9s4sw4RlLdKboBMUCquNWGs3IbVWVTeePXEljLhVjrTvDFkw0FGNNBLOENMd2u6XPqHdWMdKYu63NcmkLBLVoDXmd6sLPj5MRqP_WTJYYI8Iu-5QVksuTOW2uvqK-NkvpnXlDSzlaaH6SJhMyeomDF5mY08AMtLFimMcEMRE9PhOIBqLuTVVS7mejor4_ZsCnncPtqdqjNGBlbfu5tJIc-GK4zVPd2W5KYn0hwMZJF1cqX1ca5xpTtmbj1QW25mE9siAGz26EzDW-9Ok7Kad7jr37nCf0iUfy5R1du6D36d_nC3Hv5zEZEi4r4cnFCF5eMaGXeX1stQ-3Us4i-8dS6yFv71d3ME_cl1Qpmg8k0WFmtJwRSLTEBYbQfOQ5fFO8V2v7nXMK2K_MVdyWBaXrXm; domain=.paypal.com; path=/; Secure; HttpOnly
                                            [1] => cookie_check=yes; expires=Fri, 30-Jul-2027 10:27:53 GMT; domain=.paypal.com; path=/; Secure; HttpOnly
                                            [2] => navcmd=_notify-validate; domain=.paypal.com; path=/; Secure; HttpOnly
                                            [3] => navlns=0.0; expires=Thu, 01-Aug-2019 10:27:53 GMT; domain=.paypal.com; path=/; Secure; HttpOnly
                                            [4] => Apache=10.72.108.11.1501583273299796; path=/; expires=Thu, 25-Jul-47 10:27:53 GMT
                                            [5] => X-PP-SILOVER=name%3DSANDBOX3.WEB.1%26silo_version%3D1880%26app%3Dappdispatcher%26TIME%3D2841083993%26HTTP_X_PP_AZ_LOCATOR%3Dsandbox.slc; Expires=Tue, 01 Aug 2017 10:57:53 GMT; domain=.paypal.com; path=/; Secure; HttpOnly
                                            [6] => X-PP-SILOVER=; Expires=Thu, 01 Jan 1970 00:00:01 GMT
                                        )

                                    [vary] => Array
                                        (
                                            [0] => Accept-Encoding,User-Agent
                                        )

                                    [http_x_pp_az_locator] => Array
                                        (
                                            [0] => sandbox.slc
                                        )

                                    [content-encoding] => Array
                                        (
                                            [0] => gzip
                                        )

                                    [paypal-debug-id] => Array
                                        (
                                            [0] => c572032d46027
                                        )

                                    [strict-transport-security] => Array
                                        (
                                            [0] => max-age=14400
                                        )

                                    [content-type] => Array
                                        (
                                            [0] => text/html; charset=UTF-8
                                        )

                                )

                        )

                    [status_code] => 200
                    [protocol_version] => 1.1
                    [success] => 1
                    [redirects] => 0
                    [url] => https://www.sandbox.paypal.com/cgi-bin/webscr
                    [history] => Array
                        (
                        )

                    [cookies] => Requests_Cookie_Jar Object
                        (
                            [cookies:protected] => Array
                                (
                                    [c9MWDuvPtT9GIMyPc3jwol1VSlO] => Requests_Cookie Object
                                        (
                                            [name] => c9MWDuvPtT9GIMyPc3jwol1VSlO
                                            [value] => TvKvbNfmgpCgoyV7irzNU1kAvgtHq5LlB8-q9s4sw4RlLdKboBMUCquNWGs3IbVWVTeePXEljLhVjrTvDFkw0FGNNBLOENMd2u6XPqHdWMdKYu63NcmkLBLVoDXmd6sLPj5MRqP_WTJYYI8Iu-5QVksuTOW2uvqK-NkvpnXlDSzlaaH6SJhMyeomDF5mY08AMtLFimMcEMRE9PhOIBqLuTVVS7mejor4_ZsCnncPtqdqjNGBlbfu5tJIc-GK4zVPd2W5KYn0hwMZJF1cqX1ca5xpTtmbj1QW25mE9siAGz26EzDW-9Ok7Kad7jr37nCf0iUfy5R1du6D36d_nC3Hv5zEZEi4r4cnFCF5eMaGXeX1stQ-3Us4i-8dS6yFv71d3ME_cl1Qpmg8k0WFmtJwRSLTEBYbQfOQ5fFO8V2v7nXMK2K_MVdyWBaXrXm
                                            [attributes] => Requests_Utility_CaseInsensitiveDictionary Object
                                                (
                                                    [data:protected] => Array
                                                        (
                                                            [domain] => paypal.com
                                                            [path] => /
                                                            [secure] => 1
                                                            [httponly] => 1
                                                        )

                                                )

                                            [flags] => Array
                                                (
                                                    [creation] => 1501583287
                                                    [last-access] => 1501583287
                                                    [persistent] => 
                                                    [host-only] => 
                                                )

                                            [reference_time] => 1501583287
                                        )

                                    [cookie_check] => Requests_Cookie Object
                                        (
                                            [name] => cookie_check
                                            [value] => yes
                                            [attributes] => Requests_Utility_CaseInsensitiveDictionary Object
                                                (
                                                    [data:protected] => Array
                                                        (
                                                            [expires] => 1816943273
                                                            [domain] => paypal.com
                                                            [path] => /
                                                            [secure] => 1
                                                            [httponly] => 1
                                                        )

                                                )

                                            [flags] => Array
                                                (
                                                    [creation] => 1501583287
                                                    [last-access] => 1501583287
                                                    [persistent] => 
                                                    [host-only] => 
                                                )

                                            [reference_time] => 1501583287
                                        )

                                    [navcmd] => Requests_Cookie Object
                                        (
                                            [name] => navcmd
                                            [value] => _notify-validate
                                            [attributes] => Requests_Utility_CaseInsensitiveDictionary Object
                                                (
                                                    [data:protected] => Array
                                                        (
                                                            [domain] => paypal.com
                                                            [path] => /
                                                            [secure] => 1
                                                            [httponly] => 1
                                                        )

                                                )

                                            [flags] => Array
                                                (
                                                    [creation] => 1501583287
                                                    [last-access] => 1501583287
                                                    [persistent] => 
                                                    [host-only] => 
                                                )

                                            [reference_time] => 1501583287
                                        )

                                    [navlns] => Requests_Cookie Object
                                        (
                                            [name] => navlns
                                            [value] => 0.0
                                            [attributes] => Requests_Utility_CaseInsensitiveDictionary Object
                                                (
                                                    [data:protected] => Array
                                                        (
                                                            [expires] => 1564655273
                                                            [domain] => paypal.com
                                                            [path] => /
                                                            [secure] => 1
                                                            [httponly] => 1
                                                        )

                                                )

                                            [flags] => Array
                                                (
                                                    [creation] => 1501583287
                                                    [last-access] => 1501583287
                                                    [persistent] => 
                                                    [host-only] => 
                                                )

                                            [reference_time] => 1501583287
                                        )

                                    [Apache] => Requests_Cookie Object
                                        (
                                            [name] => Apache
                                            [value] => 10.72.108.11.1501583273299796
                                            [attributes] => Requests_Utility_CaseInsensitiveDictionary Object
                                                (
                                                    [data:protected] => Array
                                                        (
                                                            [path] => /
                                                            [domain] => www.sandbox.paypal.com
                                                        )

                                                )

                                            [flags] => Array
                                                (
                                                    [creation] => 1501583287
                                                    [last-access] => 1501583287
                                                    [persistent] => 
                                                    [host-only] => 1
                                                )

                                            [reference_time] => 1501583287
                                        )

                                    [X-PP-SILOVER] => Requests_Cookie Object
                                        (
                                            [name] => X-PP-SILOVER
                                            [value] => 
                                            [attributes] => Requests_Utility_CaseInsensitiveDictionary Object
                                                (
                                                    [data:protected] => Array
                                                        (
                                                            [expires] => 1
                                                            [domain] => www.sandbox.paypal.com
                                                            [path] => /cgi-bin
                                                        )

                                                )

                                            [flags] => Array
                                                (
                                                    [creation] => 1501583287
                                                    [last-access] => 1501583287
                                                    [persistent] => 
                                                    [host-only] => 1
                                                )

                                            [reference_time] => 1501583287
                                        )

                                )

                        )

                )

            [filename:protected] => 
            [data] => 
            [headers] => 
            [status] => 
        )

)

2017-08-01T10:28:07+00:00 INFO Received valid response from PayPal
2017-08-01T10:28:07+00:00 INFO Found order #224
2017-08-01T10:28:07+00:00 INFO Payment status: completed
